 76 4948 24 3 80 21934 2054 2041
 3









 13472 10211 2036 30520
 13472 10211 2036 30520
 13472 10211 2036 15914
 13472 10211 2036 15914
 13472 10211 2036 15914 5
 13472 10211 2036 16 30520 5
 13472 10211 2036 16 30520 5
 25419 11376 3 18 70 11177
 90 2082 23281 27 2013 2005 2014 2308 2038 71 2041 2039 2009 2054 2005
 3 106 2493 3
 3
 3 12 19665 2008 15869 2010 13 3 12 80 30170 31439 72 2037 2036 2308 4641 10190 24500 14210 2012 22079 13 3 12 9098 10567 72 2037 2036 2308 2014 16845 13866 2041 16050 2041 82 2175 2012 7052 8010 2012 13
 13472 10211 2036
 13472 10211 2036
 13472 10211 2036
 13472 10211 2036
 13472 10211 2036
 13472 10211 2036 13472 10211 2036
 12
 33
 11 72 7229
 13472 10211 2036 16 92 11 21058 5 25567 20098 13089 3 35 362 357 296 23356 5083 3 235 16882 23577 25302 307 3
 5 5 5 5 5 5
 23
 5013
 29520
 29520 2195
 29520 19618
 29520 19618 2195
 29520 19618 19618
 29520 19618 19618 2195
 29520 19618 19618 19618
 3 3
 21147 24500 2008 2039 2041
 3 12 19665 2008 15869 2010 13 3 12 80 30170 31439 72 2037 2036 2308 4641 10190 24500 14210 2012 22079 13 3 3 23 5013 29520 29520 2195 29520 19618 29520 19618 2195 29520 19618 19618 29520 19618 19618 2195 23 18 23 23 18 18 23 23 18 18 18 23 3 35 362 357 296 23356 5083 3 235 16882 23577 25302 307 3 17 17 17 17 17 17 33 33 33 33 33 33 33 3 106 2493 3 11 11 11 11 11 11 67 67 67 67 67 67 67 6 6 6 6 18 18 18 18 18 18 5 5 5 5 5 5 35 35 35 35 35 35 45 11 89 2007 11356 3988 11 7052 9446 14712 11 86 5062 5164 16 11 54 2105 13089 19835 5164 35 11 49 18636 19835 5164 45 11 79 2010 80 16060 16050 16 11 40 13089 14825 25641 14451 87 7322 35 18156 11 58 2007 68 11 79 2237
